CRITICAL - 2026-02-05 03:53:03 --> ErrorException: Undefined variable $conn
[Method: GET, Route: admin/member-status]
in APPPATH\Views\admin\member-status.php on line 70.
 1 APPPATH\Views\admin\member-status.php(70): CodeIgniter\Debug\Exceptions->errorHandler(2, 'Undefined variable $conn', 'C:\\xampp\\htdocs\\your_gym_partner\\app\\Views\\admin\\member-status.php', 70)
 2 SYSTEMPATH\View\View.php(238): include('C:\\xampp\\htdocs\\your_gym_partner\\app\\Views\\admin\\member-status.php')
 3 SYSTEMPATH\View\View.php(241): CodeIgniter\View\View->CodeIgniter\View\{closure}()
 4 SYSTEMPATH\Common.php(1250): CodeIgniter\View\View->render('admin/member-status', [], true)
 5 APPPATH\Controllers\Admin.php(290): view('admin/member-status', [...])
 6 SYSTEMPATH\CodeIgniter.php(951): App\Controllers\Admin->memberStatus()
 7 SYSTEMPATH\CodeIgniter.php(497): CodeIgniter\CodeIgniter->runController(Object(App\Controllers\Admin))
 8 SYSTEMPATH\CodeIgniter.php(340): CodeIgniter\CodeIgniter->handleRequest(null, Object(Config\Cache), false)
 9 SYSTEMPATH\Boot.php(417): CodeIgniter\CodeIgniter->run()
10 SYSTEMPATH\Boot.php(68): CodeIgniter\Boot::runCodeIgniter(Object(CodeIgniter\CodeIgniter))
11 FCPATH\index.php(65): CodeIgniter\Boot::bootWeb(Object(Config\Paths))
CRITICAL - 2026-02-05 03:53:13 --> ErrorException: Undefined variable $conn
[Method: GET, Route: admin/member-status]
in APPPATH\Views\admin\member-status.php on line 70.
 1 APPPATH\Views\admin\member-status.php(70): CodeIgniter\Debug\Exceptions->errorHandler(2, 'Undefined variable $conn', 'C:\\xampp\\htdocs\\your_gym_partner\\app\\Views\\admin\\member-status.php', 70)
 2 SYSTEMPATH\View\View.php(238): include('C:\\xampp\\htdocs\\your_gym_partner\\app\\Views\\admin\\member-status.php')
 3 SYSTEMPATH\View\View.php(241): CodeIgniter\View\View->CodeIgniter\View\{closure}()
 4 SYSTEMPATH\Common.php(1250): CodeIgniter\View\View->render('admin/member-status', [], true)
 5 APPPATH\Controllers\Admin.php(290): view('admin/member-status', [...])
 6 SYSTEMPATH\CodeIgniter.php(951): App\Controllers\Admin->memberStatus()
 7 SYSTEMPATH\CodeIgniter.php(497): CodeIgniter\CodeIgniter->runController(Object(App\Controllers\Admin))
 8 SYSTEMPATH\CodeIgniter.php(340): CodeIgniter\CodeIgniter->handleRequest(null, Object(Config\Cache), false)
 9 SYSTEMPATH\Boot.php(417): CodeIgniter\CodeIgniter->run()
10 SYSTEMPATH\Boot.php(68): CodeIgniter\Boot::runCodeIgniter(Object(CodeIgniter\CodeIgniter))
11 FCPATH\index.php(65): CodeIgniter\Boot::bootWeb(Object(Config\Paths))
CRITICAL - 2026-02-05 04:07:19 --> ErrorException: Undefined variable $conn
[Method: GET, Route: admin/member-status]
in APPPATH\Views\admin\member-status.php on line 70.
 1 APPPATH\Views\admin\member-status.php(70): CodeIgniter\Debug\Exceptions->errorHandler(2, 'Undefined variable $conn', 'C:\\xampp\\htdocs\\your_gym_partner\\app\\Views\\admin\\member-status.php', 70)
 2 SYSTEMPATH\View\View.php(238): include('C:\\xampp\\htdocs\\your_gym_partner\\app\\Views\\admin\\member-status.php')
 3 SYSTEMPATH\View\View.php(241): CodeIgniter\View\View->CodeIgniter\View\{closure}()
 4 SYSTEMPATH\Common.php(1250): CodeIgniter\View\View->render('admin/member-status', [], true)
 5 APPPATH\Controllers\Admin.php(290): view('admin/member-status', [...])
 6 SYSTEMPATH\CodeIgniter.php(951): App\Controllers\Admin->memberStatus()
 7 SYSTEMPATH\CodeIgniter.php(497): CodeIgniter\CodeIgniter->runController(Object(App\Controllers\Admin))
 8 SYSTEMPATH\CodeIgniter.php(340): CodeIgniter\CodeIgniter->handleRequest(null, Object(Config\Cache), false)
 9 SYSTEMPATH\Boot.php(417): CodeIgniter\CodeIgniter->run()
10 SYSTEMPATH\Boot.php(68): CodeIgniter\Boot::runCodeIgniter(Object(CodeIgniter\CodeIgniter))
11 FCPATH\index.php(65): CodeIgniter\Boot::bootWeb(Object(Config\Paths))
